<?xml version="1.0" encoding="UTF-8"?>
<!-- Generated by org.testng.reporters.JUnitXMLReporter -->
<testsuite ignored="0" hostname="DESKTOP-S9COC0S" failures="0" tests="5" name="Test-2" time="162.508" errors="0" timestamp="2024-11-29T13:10:01 IST">
  <testcase classname="com.crm.comcast.CreateContactTest.createContactTest" name="createContactTest" time="19.06"/>
  <testcase classname="com.crm.comcast.CreateContactTest.createContactTest" name="createContactWithOrg" time="39.809"/>
  <testcase classname="com.crm.comcast.CreateContactTest.createContactTest" name="createContactWithSupportDate" time="19.211"/>
  <testcase classname="com.crm.comcast.CreateContactTest.createContactTest" name="createContactWithTitle" time="16.99"/>
  <testcase classname="com.crm.comcast.CreateContactTest.createContactTest" name="createContactwithDepart" time="15.282"/>
</testsuite> <!-- Test-2 -->
