<?xml version="1.0" encoding="UTF-8"?>
<!-- Generated by org.testng.reporters.JUnitXMLReporter -->
<testsuite ignored="0" hostname="DESKTOP-2FGF1TP" failures="0" tests="5" name="Test-2" time="165.366" errors="0" timestamp="2024-12-18T16:10:19 IST">
  <testcase classname="com.crm.comcast.CreateContactTest.createContactTest" name="createContactTest" time="52.155"/>
  <testcase classname="com.crm.comcast.CreateContactTest.createContactTest" name="createContactWithOrg" time="34.615"/>
  <testcase classname="com.crm.comcast.CreateContactTest.createContactTest" name="createContactWithSupportDate" time="13.785"/>
  <testcase classname="com.crm.comcast.CreateContactTest.createContactTest" name="createContactWithTitle" time="10.876"/>
  <testcase classname="com.crm.comcast.CreateContactTest.createContactTest" name="createContactwithDepart" time="11.514"/>
</testsuite> <!-- Test-2 -->
