<?xml version="1.0" encoding="UTF-8"?>
<!-- Generated by org.testng.reporters.JUnitXMLReporter -->
<testsuite ignored="0" hostname="DESKTOP-S9COC0S" failures="0" tests="4" name="Test-1" time="124.988" errors="0" timestamp="2024-11-29T13:09:23 IST">
  <testcase classname="com.crm.comcast.OrgTest.CreateOrgTest" name="createOrgPhoneNumber" time="20.668"/>
  <testcase classname="com.crm.comcast.OrgTest.CreateOrgTest" name="createOrgTest" time="18.927"/>
  <testcase classname="com.crm.comcast.OrgTest.CreateOrgTest" name="createOrgWithIndustris" time="19.172"/>
  <testcase classname="com.crm.comcast.OrgTest.CreateOrgTest" name="createOrgWithMobileNumber" time="20.423"/>
</testsuite> <!-- Test-1 -->
