<?xml version="1.0" encoding="UTF-8"?>
<!-- Generated by org.testng.reporters.JUnitXMLReporter -->
<testsuite ignored="0" hostname="DESKTOP-2FGF1TP" failures="0" tests="4" name="Test-1" time="134.506" errors="0" timestamp="2024-12-18T16:09:48 IST">
  <testcase classname="com.crm.comcast.OrgTest.CreateOrgTest" name="createOrgPhoneNumber" time="52.156"/>
  <testcase classname="com.crm.comcast.OrgTest.CreateOrgTest" name="createOrgTest" time="17.181"/>
  <testcase classname="com.crm.comcast.OrgTest.CreateOrgTest" name="createOrgWithIndustris" time="12.631"/>
  <testcase classname="com.crm.comcast.OrgTest.CreateOrgTest" name="createOrgWithMobileNumber" time="13.932"/>
</testsuite> <!-- Test-1 -->
