<?xml version="1.0" encoding="UTF-8"?>
<!-- Generated by org.testng.reporters.JUnitReportReporter -->
<testsuite hostname="DESKTOP-S9COC0S" failures="0" tests="2" name="com.comcast.crm.dummyTest1.Practice1" time="10.931" errors="0" timestamp="2024-12-07T10:05:58 IST" skipped="0">
  <testcase classname="com.comcast.crm.dummyTest1.Practice1" name="display" time="3.376"/>
  <system-out/>
  <testcase classname="com.comcast.crm.dummyTest1.Practice1" name="test" time="7.555"/>
  <system-out/>
</testsuite> <!-- com.comcast.crm.dummyTest1.Practice1 -->
