<?xml version="1.0" encoding="UTF-8"?>
<!-- Generated by org.testng.reporters.JUnitReportReporter -->
<testsuite hostname="DESKTOP-2FGF1TP" failures="0" tests="4" name="com.crm.comcast.OrgTest.CreateOrg" time="43.805" errors="0" timestamp="2024-12-18T13:16:42 IST" skipped="0">
  <testcase classname="com.crm.comcast.OrgTest.CreateOrg" name="createOrgPhoneNumber" time="14.647"/>
  <system-out/>
  <testcase classname="com.crm.comcast.OrgTest.CreateOrg" name="createOrgTest" time="9.081"/>
  <system-out/>
  <testcase classname="com.crm.comcast.OrgTest.CreateOrg" name="createOrgWithIndustris" time="10.191"/>
  <system-out/>
  <testcase classname="com.crm.comcast.OrgTest.CreateOrg" name="createOrgWithMobileNumber" time="9.886"/>
  <system-out/>
</testsuite> <!-- com.crm.comcast.OrgTest.CreateOrg -->
