<?xml version="1.0" encoding="UTF-8"?>
<!-- Generated by org.testng.reporters.JUnitReportReporter -->
<testsuite hostname="DESKTOP-S9COC0S" failures="0" tests="1" name="com.comcast.crm.oportunitytest.CreateOportunityTest" time="46.800" errors="0" timestamp="2024-11-29T09:35:52 IST" skipped="0">
  <testcase classname="com.comcast.crm.oportunitytest.CreateOportunityTest" name="createOportunity" time="46.800"/>
</testsuite> <!-- com.comcast.crm.oportunitytest.CreateOportunityTest -->
