<?xml version="1.0" encoding="UTF-8"?>
<!-- Generated by org.testng.reporters.JUnitReportReporter -->
<testsuite hostname="DESKTOP-2FGF1TP" failures="0" tests="2" name="practice.test.DemoTest" time="71.689" errors="0" timestamp="2024-12-11T11:18:49 IST" skipped="0">
  <testcase classname="practice.test.DemoTest" name="m1" time="26.613"/>
  <system-out/>
  <testcase classname="practice.test.DemoTest" name="m1" time="45.076"/>
  <system-out/>
</testsuite> <!-- practice.test.DemoTest -->
