<?xml version="1.0" encoding="UTF-8"?>
<!-- Generated by org.testng.reporters.JUnitReportReporter -->
<testsuite hostname="DESKTOP-S9COC0S" failures="0" tests="1" name="practice.pom.repository.SampleTestWithPOM" time="12.585" errors="0" timestamp="2024-11-21T16:14:17 IST" skipped="0">
  <testcase classname="practice.pom.repository.SampleTestWithPOM" name="sampleTest" time="12.585"/>
</testsuite> <!-- practice.pom.repository.SampleTestWithPOM -->
