<?xml version="1.0" encoding="UTF-8"?>
<!-- Generated by org.testng.reporters.JUnitReportReporter -->
<testsuite hostname="DESKTOP-S9COC0S" failures="0" tests="1" name="com.comcast.crm.contacttest.createContactWithDepartment" time="16.375" errors="0" timestamp="2024-12-02T11:29:18 IST" skipped="0">
  <testcase classname="com.comcast.crm.contacttest.createContactWithDepartment" name="createContactwithDepart" time="16.375"/>
  <system-out/>
</testsuite> <!-- com.comcast.crm.contacttest.createContactWithDepartment -->
