<?xml version="1.0" encoding="UTF-8"?>
<!-- Generated by org.testng.reporters.JUnitReportReporter -->
<testsuite hostname="DESKTOP-S9COC0S" failures="0" tests="1" name="practice.testNG.Practice2" time="23.379" errors="0" timestamp="2024-11-28T16:09:42 IST" skipped="0">
  <testcase classname="practice.testNG.Practice2" name="createContactWithOrg" time="23.379"/>
</testsuite> <!-- practice.testNG.Practice2 -->
