<?xml version="1.0" encoding="UTF-8"?>
<!-- Generated by org.testng.reporters.JUnitReportReporter -->
<testsuite hostname="DESKTOP-S9COC0S" failures="0" tests="1" name="practice.testNG.AssertValidateinScripts" time="30.490" errors="0" timestamp="2024-12-02T18:13:37 IST" skipped="0">
  <testcase classname="practice.testNG.AssertValidateinScripts" name="createMobileNoWithAssert" time="30.490"/>
  <system-out/>
</testsuite> <!-- practice.testNG.AssertValidateinScripts -->
