<?xml version="1.0" encoding="UTF-8"?>
<!-- Generated by org.testng.reporters.JUnitReportReporter -->
<testsuite hostname="DESKTOP-S9COC0S" failures="0" tests="3" name="com.practice1.CreateContactTest" time="0.027" errors="0" timestamp="2024-11-26T14:51:31 IST" skipped="0">
  <testcase classname="com.practice1.CreateContactTest" name="createContactWithDate" time="0.005"/>
  <testcase classname="com.practice1.CreateContactTest" name="createContact" time="0.017"/>
  <testcase classname="com.practice1.CreateContactTest" name="createContactWithNumber" time="0.005"/>
</testsuite> <!-- com.practice1.CreateContactTest -->
