<?xml version="1.0" encoding="UTF-8"?>
<!-- Generated by org.testng.reporters.JUnitReportReporter -->
<testsuite hostname="DESKTOP-S9COC0S" failures="0" tests="3" name="practice.testNG.CreateContact_DataProvider_Test" time="0.018" errors="0" timestamp="2024-12-09T11:27:28 IST" skipped="0">
  <testcase classname="practice.testNG.CreateContact_DataProvider_Test" name="createContactTest" time="0.001"/>
  <system-out/>
  <testcase classname="practice.testNG.CreateContact_DataProvider_Test" name="createContactTest" time="0.014"/>
  <system-out/>
  <testcase classname="practice.testNG.CreateContact_DataProvider_Test" name="createContactTest" time="0.003"/>
  <system-out/>
</testsuite> <!-- practice.testNG.CreateContact_DataProvider_Test -->
