<?xml version="1.0" encoding="UTF-8"?>
<!-- Generated by org.testng.reporters.JUnitReportReporter -->
<testsuite hostname="DESKTOP-S9COC0S" failures="0" tests="3" name="practice.test.GetProductTestInfo" time="71.828" errors="0" timestamp="2024-11-26T11:22:54 IST" skipped="0">
  <testcase classname="practice.test.GetProductTestInfo" name="getProductInfoTest" time="20.158"/>
  <testcase classname="practice.test.GetProductTestInfo" name="getProductInfoTest" time="21.249"/>
  <testcase classname="practice.test.GetProductTestInfo" name="getProductInfoTest" time="30.421"/>
</testsuite> <!-- practice.test.GetProductTestInfo -->
