<?xml version="1.0" encoding="UTF-8"?>
<!-- Generated by org.testng.reporters.JUnitReportReporter -->
<testsuite hostname="DESKTOP-2FGF1TP" failures="0" tests="5" name="com.crm.comcast.CreateContactTest.createContactTest" time="96.558" errors="0" timestamp="2024-12-11T11:48:06 IST" skipped="0">
  <testcase classname="com.crm.comcast.CreateContactTest.createContactTest" name="createContactWithOrg" time="31.460"/>
  <system-out/>
  <testcase classname="com.crm.comcast.CreateContactTest.createContactTest" name="createContactWithTitle" time="13.113"/>
  <system-out/>
  <testcase classname="com.crm.comcast.CreateContactTest.createContactTest" name="createContactwithDepart" time="16.410"/>
  <system-out/>
  <testcase classname="com.crm.comcast.CreateContactTest.createContactTest" name="createContactWithSupportDate" time="19.920"/>
  <system-out/>
  <testcase classname="com.crm.comcast.CreateContactTest.createContactTest" name="createContactTest" time="15.655"/>
  <system-out/>
</testsuite> <!-- com.crm.comcast.CreateContactTest.createContactTest -->
