<?xml version="1.0" encoding="UTF-8"?>
<!-- Generated by org.testng.reporters.JUnitReportReporter -->
<testsuite hostname="DESKTOP-S9COC0S" failures="0" tests="1" name="com.comcast.crm.contacttest.CreateContactWithTitle" time="28.383" errors="0" timestamp="2024-11-28T21:16:08 IST" skipped="0">
  <testcase classname="com.comcast.crm.contacttest.CreateContactWithTitle" name="createContactWithTitle" time="28.383"/>
</testsuite> <!-- com.comcast.crm.contacttest.CreateContactWithTitle -->
