<?xml version="1.0" encoding="UTF-8"?>
<!-- Generated by org.testng.reporters.JUnitReportReporter -->
<testsuite hostname="DESKTOP-2FGF1TP" failures="0" tests="4" name="com.crm.comcast.OrgTest.CreateOrgTest" time="118.072" errors="0" timestamp="2024-12-18T16:10:20 IST" skipped="0">
  <testcase classname="com.crm.comcast.OrgTest.CreateOrgTest" name="createOrgWithMobileNumber" time="16.410"/>
  <system-out/>
  <testcase classname="com.crm.comcast.OrgTest.CreateOrgTest" name="createOrgPhoneNumber" time="58.236"/>
  <system-out/>
  <testcase classname="com.crm.comcast.OrgTest.CreateOrgTest" name="createOrgWithIndustris" time="20.586"/>
  <system-out/>
  <testcase classname="com.crm.comcast.OrgTest.CreateOrgTest" name="createOrgTest" time="22.840"/>
  <system-out/>
</testsuite> <!-- com.crm.comcast.OrgTest.CreateOrgTest -->
