<?xml version="1.0" encoding="UTF-8"?>
<!-- Generated by org.testng.reporters.JUnitReportReporter -->
<testsuite hostname="DESKTOP-S9COC0S" failures="0" tests="1" name="com.comcast.crm.orgtest.DeleteOrgTest" time="17.728" errors="0" timestamp="2024-11-29T06:19:23 IST" skipped="0">
  <testcase classname="com.comcast.crm.orgtest.DeleteOrgTest" name="deleteOrgTest" time="17.728"/>
</testsuite> <!-- com.comcast.crm.orgtest.DeleteOrgTest -->
