<?xml version="1.0" encoding="UTF-8"?>
<!-- Generated by org.testng.reporters.JUnitReportReporter -->
<testsuite hostname="DESKTOP-S9COC0S" failures="0" tests="1" name="practice.testNG.SampleReportTest" time="7.871" errors="0" timestamp="2024-12-10T17:04:09 IST" skipped="0">
  <testcase classname="practice.testNG.SampleReportTest" name="createWithOrg" time="7.871"/>
  <system-out/>
</testsuite> <!-- practice.testNG.SampleReportTest -->
