<?xml version="1.0" encoding="UTF-8"?>
<!-- Generated by org.testng.reporters.JUnitReportReporter -->
<testsuite hostname="DESKTOP-S9COC0S" failures="0" tests="1" name="com.crm.comcast.OrgTest.CreateOrgTest" time="26.102" errors="0" timestamp="2024-12-11T09:52:35 IST" skipped="0">
  <testcase classname="com.crm.comcast.OrgTest.CreateOrgTest" name="createOrgTest" time="26.102"/>
  <system-out/>
</testsuite> <!-- com.crm.comcast.OrgTest.CreateOrgTest -->
