<?xml version="1.0" encoding="UTF-8"?>
<!-- Generated by org.testng.reporters.JUnitReportReporter -->
<testsuite hostname="DESKTOP-S9COC0S" failures="0" tests="1" name="com.comcast.crm.dummyTest2.Practice2" time="5.746" errors="0" timestamp="2024-12-07T10:05:58 IST" skipped="0">
  <testcase classname="com.comcast.crm.dummyTest2.Practice2" name="test" time="5.746"/>
  <system-out/>
</testsuite> <!-- com.comcast.crm.dummyTest2.Practice2 -->
