<?xml version="1.0" encoding="UTF-8"?>
<!-- Generated by org.testng.reporters.JUnitReportReporter -->
<testsuite hostname="DESKTOP-S9COC0S" failures="0" tests="3" name="practice.testNG.CreateContactTest" time="0.019" errors="0" timestamp="2024-11-25T15:22:32 IST" skipped="0">
  <testcase classname="practice.testNG.CreateContactTest" name="createContactTest" time="0.014"/>
  <testcase classname="practice.testNG.CreateContactTest" name="modifyContactTest" time="0.003"/>
  <testcase classname="practice.testNG.CreateContactTest" name="deleteContactTest" time="0.002"/>
</testsuite> <!-- practice.testNG.CreateContactTest -->
