<?xml version="1.0" encoding="UTF-8"?>
<!-- Generated by org.testng.reporters.JUnitReportReporter -->
<testsuite hostname="DESKTOP-S9COC0S" failures="0" tests="1" name="practice.testNG.Test1" time="5.301" errors="0" timestamp="2024-11-28T17:25:01 IST" skipped="0">
  <testcase classname="practice.testNG.Test1" name="demo" time="5.301"/>
</testsuite> <!-- practice.testNG.Test1 -->
