<?xml version="1.0" encoding="UTF-8"?>
<!-- Generated by org.testng.reporters.JUnitReportReporter -->
<testsuite hostname="DESKTOP-S9COC0S" failures="0" tests="1" name="practice.testNG.SampleTest" time="0.021" errors="0" timestamp="2024-11-25T11:06:13 IST" skipped="0">
  <testcase classname="practice.testNG.SampleTest" name="createContactTest" time="0.021"/>
</testsuite> <!-- practice.testNG.SampleTest -->
