<?xml version="1.0" encoding="UTF-8"?>
<!-- Generated by org.testng.reporters.JUnitReportReporter -->
<testsuite hostname="DESKTOP-S9COC0S" failures="0" tests="1" name="practice.testNG.CreateContactWithTitle" time="0.014" errors="0" timestamp="2024-11-28T16:19:28 IST" skipped="0">
  <testcase classname="practice.testNG.CreateContactWithTitle" name="createContactWithTitles" time="0.014"/>
</testsuite> <!-- practice.testNG.CreateContactWithTitle -->
