<?xml version="1.0" encoding="UTF-8"?>
<!-- Generated by org.testng.reporters.JUnitReportReporter -->
<testsuite hostname="DESKTOP-S9COC0S" failures="0" tests="1" name="practice.testNG.Check" time="6.318" errors="0" timestamp="2024-11-30T14:37:30 IST" skipped="0">
  <testcase classname="practice.testNG.Check" name="checking" time="6.318"/>
  <system-out/>
</testsuite> <!-- practice.testNG.Check -->
