<?xml version="1.0" encoding="UTF-8"?>
<!-- Generated by org.testng.reporters.JUnitReportReporter -->
<testsuite hostname="DESKTOP-S9COC0S" failures="0" tests="1" name="com.comcast.crm.orgtest.CreateOrganizationTest" time="31.884" errors="0" timestamp="2024-12-02T18:29:24 IST" skipped="0">
  <testcase classname="com.comcast.crm.orgtest.CreateOrganizationTest" name="createOrgTest" time="31.884"/>
  <system-out/>
</testsuite> <!-- com.comcast.crm.orgtest.CreateOrganizationTest -->
