<?xml version="1.0" encoding="UTF-8"?>
<!-- Generated by org.testng.reporters.JUnitReportReporter -->
<testsuite hostname="DESKTOP-2FGF1TP" failures="0" tests="5" name="com.crm.comcast.CreateContactTest.createContactTest" time="149.802" errors="0" timestamp="2024-12-18T16:10:20 IST" skipped="0">
  <testcase classname="com.crm.comcast.CreateContactTest.createContactTest" name="createContactTest" time="58.045"/>
  <system-out/>
  <testcase classname="com.crm.comcast.CreateContactTest.createContactTest" name="createContactWithOrg" time="39.908"/>
  <system-out/>
  <testcase classname="com.crm.comcast.CreateContactTest.createContactTest" name="createContactwithDepart" time="16.769"/>
  <system-out/>
  <testcase classname="com.crm.comcast.CreateContactTest.createContactTest" name="createContactWithSupportDate" time="18.319"/>
  <system-out/>
  <testcase classname="com.crm.comcast.CreateContactTest.createContactTest" name="createContactWithTitle" time="16.761"/>
  <system-out/>
</testsuite> <!-- com.crm.comcast.CreateContactTest.createContactTest -->
